{
  "RSpec": {
    "coverage": {
      "/Users/sergioazcona/Desktop/turing_work/1mod_REDUX/projects/night_writer/lib/night_writer.rb": {
        "lines": [
          null,
          null,
          null,
          1,
          1,
          1,
          3,
          null,
          null,
          null,
          1,
          2,
          2,
          null,
          null,
          null,
          1,
          null,
          1,
          null,
          null,
          1,
          0,
          null,
          null,
          null,
          null,
          null
        ]
      },
      "/Users/sergioazcona/Desktop/turing_work/1mod_REDUX/projects/night_writer/lib/night_reader.rb": {
        "lines": [
          null,
          null,
          1,
          1,
          1,
          0,
          null,
          null,
          null,
          null,
          null,
          1,
          null,
          0,
          0,
          0,
          null,
          0,
          0,
          null,
          null,
          null,
          null,
          null,
          null,
          null
        ]
      },
      "/Users/sergioazcona/Desktop/turing_work/1mod_REDUX/projects/night_writer/lib/alphabet_translation.rb": {
        "lines": [
          1,
          1,
          1,
          null,
          null,
          1,
          null,
          null,
          null,
          null,
          null,
          null,
          null,
          null,
          null,
          null,
          null,
          null,
          null,
          null,
          null,
          null,
          null,
          null,
          null,
          null,
          null,
          null,
          null,
          null,
          null,
          null,
          null,
          null,
          null,
          null,
          null,
          1,
          0,
          null,
          null,
          null,
          1,
          1,
          null,
          3,
          1,
          null,
          null,
          null,
          null,
          null,
          null,
          1
        ]
      }
    },
    "timestamp": 1664148866
  }
}
